# JRE version: OpenJDK Runtime Environment (8.0_152-b01) (build 1.8.0_152-release-1343-b01)
# Java VM: OpenJDK 64-Bit Server VM (25.152-b01 mixed mode windows-amd64 compressed oops)
Heap:
 PSYoungGen      total 281088K, used 54418K [0x00000000e0000000, 0x00000000f3a00000, 0x0000000100000000)
  eden space 257024K, 15% used [0x00000000e0000000,0x00000000e25e6560,0x00000000efb00000)
  from space 24064K, 64% used [0x00000000f2280000,0x00000000f31be550,0x00000000f3a00000)
  to   space 32256K, 0% used [0x00000000efb00000,0x00000000efb00000,0x00000000f1a80000)
 ParOldGen       total 82944K, used 63223K [0x00000000a0000000, 0x00000000a5100000, 0x00000000e0000000)
  object space 82944K, 76% used [0x00000000a0000000,0x00000000a3dbdea0,0x00000000a5100000)
 Metaspace       used 75395K, capacity 78460K, committed 78720K, reserved 1118208K
  class space    used 9863K, capacity 10514K, committed 10624K, reserved 1048576K
GC Heap History (10 events):
Event: 137.468 GC heap before
{Heap before GC invocations=15 (full 3):
 PSYoungGen      total 193536K, used 11743K [0x00000000e0000000, 0x00000000ed100000, 0x0000000100000000)
  eden space 178176K, 0% used [0x00000000e0000000,0x00000000e0000000,0x00000000eae00000)
  from space 15360K, 76% used [0x00000000ebe00000,0x00000000ec977ff0,0x00000000ecd00000)
  to   space 16384K, 0% used [0x00000000eae00000,0x00000000eae00000,0x00000000ebe00000)
 ParOldGen       total 50688K, used 29293K [0x00000000a0000000, 0x00000000a3180000, 0x00000000e0000000)
  object space 50688K, 57% used [0x00000000a0000000,0x00000000a1c9b468,0x00000000a3180000)
 Metaspace       used 57440K, capacity 59072K, committed 59096K, reserved 1099776K
  class space    used 7767K, capacity 8168K, committed 8192K, reserved 1048576K
Event: 138.592 GC heap after
Heap after GC invocations=15 (full 3):
 PSYoungGen      total 193536K, used 0K [0x00000000e0000000, 0x00000000ed100000, 0x0000000100000000)
  eden space 178176K, 0% used [0x00000000e0000000,0x00000000e0000000,0x00000000eae00000)
  from space 15360K, 0% used [0x00000000ebe00000,0x00000000ebe00000,0x00000000ecd00000)
  to   space 16384K, 0% used [0x00000000eae00000,0x00000000eae00000,0x00000000ebe00000)
 ParOldGen       total 82944K, used 34162K [0x00000000a0000000, 0x00000000a5100000, 0x00000000e0000000)
  object space 82944K, 41% used [0x00000000a0000000,0x00000000a215ca90,0x00000000a5100000)
 Metaspace       used 57440K, capacity 59072K, committed 59096K, reserved 1099776K
  class space    used 7767K, capacity 8168K, committed 8192K, reserved 1048576K
}
Event: 167.115 GC heap before
{Heap before GC invocations=16 (full 3):
 PSYoungGen      total 193536K, used 178176K [0x00000000e0000000, 0x00000000ed100000, 0x0000000100000000)
  eden space 178176K, 100% used [0x00000000e0000000,0x00000000eae00000,0x00000000eae00000)
  from space 15360K, 0% used [0x00000000ebe00000,0x00000000ebe00000,0x00000000ecd00000)
  to   space 16384K, 0% used [0x00000000eae00000,0x00000000eae00000,0x00000000ebe00000)
 ParOldGen       total 82944K, used 34162K [0x00000000a0000000, 0x00000000a5100000, 0x00000000e0000000)
  object space 82944K, 41% used [0x00000000a0000000,0x00000000a215ca90,0x00000000a5100000)
 Metaspace       used 63593K, capacity 65664K, committed 65920K, reserved 1105920K
  class space    used 8567K, capacity 9032K, committed 9088K, reserved 1048576K
Event: 167.293 GC heap after
Heap after GC invocations=16 (full 3):
 PSYoungGen      total 194560K, used 14875K [0x00000000e0000000, 0x00000000ef700000, 0x0000000100000000)
  eden space 178176K, 0% used [0x00000000e0000000,0x00000000e0000000,0x00000000eae00000)
  from space 16384K, 90% used [0x00000000eae00000,0x00000000ebc86e20,0x00000000ebe00000)
  to   space 17920K, 0% used [0x00000000ee580000,0x00000000ee580000,0x00000000ef700000)
 ParOldGen       total 82944K, used 34170K [0x00000000a0000000, 0x00000000a5100000, 0x00000000e0000000)
  object space 82944K, 41% used [0x00000000a0000000,0x00000000a215ea90,0x00000000a5100000)
 Metaspace       used 63593K, capacity 65664K, committed 65920K, reserved 1105920K
  class space    used 8567K, capacity 9032K, committed 9088K, reserved 1048576K
}
Event: 171.830 GC heap before
{Heap before GC invocations=17 (full 3):
 PSYoungGen      total 194560K, used 193051K [0x00000000e0000000, 0x00000000ef700000, 0x0000000100000000)
  eden space 178176K, 100% used [0x00000000e0000000,0x00000000eae00000,0x00000000eae00000)
  from space 16384K, 90% used [0x00000000eae00000,0x00000000ebc86e20,0x00000000ebe00000)
  to   space 17920K, 0% used [0x00000000ee580000,0x00000000ee580000,0x00000000ef700000)
 ParOldGen       total 82944K, used 34170K [0x00000000a0000000, 0x00000000a5100000, 0x00000000e0000000)
  object space 82944K, 41% used [0x00000000a0000000,0x00000000a215ea90,0x00000000a5100000)
 Metaspace       used 63618K, capacity 65670K, committed 65920K, reserved 1105920K
  class space    used 8569K, capacity 9033K, committed 9088K, reserved 1048576K
Event: 171.963 GC heap after
Heap after GC invocations=17 (full 3):
 PSYoungGen      total 231936K, used 17902K [0x00000000e0000000, 0x00000000f0700000, 0x0000000100000000)
  eden space 214016K, 0% used [0x00000000e0000000,0x00000000e0000000,0x00000000ed100000)
  from space 17920K, 99% used [0x00000000ee580000,0x00000000ef6fb9d8,0x00000000ef700000)
  to   space 20992K, 0% used [0x00000000ed100000,0x00000000ed100000,0x00000000ee580000)
 ParOldGen       total 82944K, used 34580K [0x00000000a0000000, 0x00000000a5100000, 0x00000000e0000000)
  object space 82944K, 41% used [0x00000000a0000000,0x00000000a21c5308,0x00000000a5100000)
 Metaspace       used 63618K, capacity 65670K, committed 65920K, reserved 1105920K
  class space    used 8569K, capacity 9033K, committed 9088K, reserved 1048576K
}
Event: 922.143 GC heap before
{Heap before GC invocations=18 (full 3):
 PSYoungGen      total 231936K, used 231918K [0x00000000e0000000, 0x00000000f0700000, 0x0000000100000000)
  eden space 214016K, 100% used [0x00000000e0000000,0x00000000ed100000,0x00000000ed100000)
  from space 17920K, 99% used [0x00000000ee580000,0x00000000ef6fb9d8,0x00000000ef700000)
  to   space 20992K, 0% used [0x00000000ed100000,0x00000000ed100000,0x00000000ee580000)
 ParOldGen       total 82944K, used 34580K [0x00000000a0000000, 0x00000000a5100000, 0x00000000e0000000)
  object space 82944K, 41% used [0x00000000a0000000,0x00000000a21c5308,0x00000000a5100000)
 Metaspace       used 71414K, capacity 74116K, committed 74240K, reserved 1114112K
  class space    used 9368K, capacity 9976K, committed 9984K, reserved 1048576K
Event: 922.509 GC heap after
Heap after GC invocations=18 (full 3):
 PSYoungGen      total 235008K, used 20991K [0x00000000e0000000, 0x00000000f4300000, 0x0000000100000000)
  eden space 214016K, 0% used [0x00000000e0000000,0x00000000e0000000,0x00000000ed100000)
  from space 20992K, 99% used [0x00000000ed100000,0x00000000ee57fd28,0x00000000ee580000)
  to   space 33280K, 0% used [0x00000000f2280000,0x00000000f2280000,0x00000000f4300000)
 ParOldGen       total 82944K, used 58591K [0x00000000a0000000, 0x00000000a5100000, 0x00000000e0000000)
  object space 82944K, 70% used [0x00000000a0000000,0x00000000a3937f00,0x00000000a5100000)
 Metaspace       used 71414K, capacity 74116K, committed 74240K, reserved 1114112K
  class space    used 9368K, capacity 9976K, committed 9984K, reserved 1048576K
}
Event: 1123.668 GC heap before
{Heap before GC invocations=19 (full 3):
 PSYoungGen      total 235008K, used 235007K [0x00000000e0000000, 0x00000000f4300000, 0x0000000100000000)
  eden space 214016K, 100% used [0x00000000e0000000,0x00000000ed100000,0x00000000ed100000)
  from space 20992K, 99% used [0x00000000ed100000,0x00000000ee57fd28,0x00000000ee580000)
  to   space 33280K, 0% used [0x00000000f2280000,0x00000000f2280000,0x00000000f4300000)
 ParOldGen       total 82944K, used 58591K [0x00000000a0000000, 0x00000000a5100000, 0x00000000e0000000)
  object space 82944K, 70% used [0x00000000a0000000,0x00000000a3937f00,0x00000000a5100000)
 Metaspace       used 75360K, capacity 78388K, committed 78720K, reserved 1118208K
  class space    used 9863K, capacity 10514K, committed 10624K, reserved 1048576K
Event: 1123.937 GC heap after
Heap after GC invocations=19 (full 3):
 PSYoungGen      total 281088K, used 15609K [0x00000000e0000000, 0x00000000f3a00000, 0x0000000100000000)
  eden space 257024K, 0% used [0x00000000e0000000,0x00000000e0000000,0x00000000efb00000)
  from space 24064K, 64% used [0x00000000f2280000,0x00000000f31be550,0x00000000f3a00000)
  to   space 32256K, 0% used [0x00000000efb00000,0x00000000efb00000,0x00000000f1a80000)
 ParOldGen       total 82944K, used 63223K [0x00000000a0000000, 0x00000000a5100000, 0x00000000e0000000)
  object space 82944K, 76% used [0x00000000a0000000,0x00000000a3dbdea0,0x00000000a5100000)
 Metaspace       used 75360K, capacity 78388K, committed 78720K, reserved 1118208K
  class space    used 9863K, capacity 10514K, committed 10624K, reserved 1048576K
}

